Build started 15/05/2013 23:11:18.
     1>Project "C:\Users\craig\Documents\GitHub\Cuda_Examples\CudaByExample\Cuda_By_Example_Exercises\3.2.1 - Hello World!\3.2.1 - Hello World!.vcxproj" on node 2 (build target(s)).
     1>InitializeBuildStatus:
         Creating "Debug\3.2.unsuccessfulbuild" because "AlwaysCreate" was specified.
       AddCudaCompileDeps:
       Skipping target "AddCudaCompileDeps" because all output files are up-to-date with respect to the input files.
       AddCudaCompilePropsDeps:
       Skipping target "AddCudaCompilePropsDeps" because all output files are up-to-date with respect to the input files.
       CudaBuild:
       Skipping target "CudaBuild" because all output files are up-to-date with respect to the input files.
       ManifestResourceCompile:
         All outputs are up-to-date.
       Link:
         All outputs are up-to-date.
       Manifest:
         All outputs are up-to-date.
       PostBuildEvent:
         echo copy "C:\Program Files\NVIDIA GPU Computing Toolkit\CUDA\v5.0\bin\cudart*.dll" "C:\Users\craig\Documents\GitHub\Cuda_Examples\CudaByExample\Cuda_By_Example_Exercises\Debug\"
         copy "C:\Program Files\NVIDIA GPU Computing Toolkit\CUDA\v5.0\bin\cudart*.dll" "C:\Users\craig\Documents\GitHub\Cuda_Examples\CudaByExample\Cuda_By_Example_Exercises\Debug\"
         :VCEnd
         copy "C:\Program Files\NVIDIA GPU Computing Toolkit\CUDA\v5.0\bin\cudart*.dll" "C:\Users\craig\Documents\GitHub\Cuda_Examples\CudaByExample\Cuda_By_Example_Exercises\Debug\"
         C:\Program Files\NVIDIA GPU Computing Toolkit\CUDA\v5.0\bin\cudart32_50_35.dll
         C:\Program Files\NVIDIA GPU Computing Toolkit\CUDA\v5.0\bin\cudart64_50_35.dll
                 2 file(s) copied.
       FinalizeBuildStatus:
         Deleting file "Debug\3.2.unsuccessfulbuild".
         Touching "Debug\3.2.lastbuildstate".
     1>Done Building Project "C:\Users\craig\Documents\GitHub\Cuda_Examples\CudaByExample\Cuda_By_Example_Exercises\3.2.1 - Hello World!\3.2.1 - Hello World!.vcxproj" (build target(s)).

Build succeeded.

Time Elapsed 00:00:00.09
