Build started 16/05/2013 16:04:28.
     1>Project "C:\Users\craig\Documents\GitHub\Cuda_Examples\CudaByExample\Cuda_By_Example_Exercises\4-2-1 GPUVectorSums\4-2-1 GPUVectorSums.vcxproj" on node 2 (build target(s)).
     1>InitializeBuildStatus:
         Creating "Debug\4-2-1 GPUVectorSums.unsuccessfulbuild" because "AlwaysCreate" was specified.
       AddCudaCompileDeps:
         c:\Program Files (x86)\Microsoft Visual Studio 10.0\VC\bin\cl.exe /E /nologo /showIncludes /TP /D__CUDACC__ /D_MBCS /I"C:\Program Files\NVIDIA GPU Computing Toolkit\CUDA\v5.0\include" /I"C:\Program Files\NVIDIA GPU Computing Toolkit\CUDA\v5.0\bin" /I"C:\Program Files\NVIDIA GPU Computing Toolkit\CUDA\v5.0\include" /I. /FIcuda_runtime.h /c "C:\Users\craig\Documents\GitHub\Cuda_Examples\CudaByExample\Cuda_By_Example_Exercises\4-2-1 GPUVectorSums\GPUVectorSums.cu" 
       AddCudaCompilePropsDeps:
       Skipping target "AddCudaCompilePropsDeps" because all output files are up-to-date with respect to the input files.
       CudaBuild:
         Compiling CUDA source file GPUVectorSums.cu...
         cmd.exe /C "C:\Users\craig\AppData\Local\Temp\tmp5fb818c460e2404aa5d7f8450decf954.cmd"
         "C:\Program Files\NVIDIA GPU Computing Toolkit\CUDA\v5.0\bin\nvcc.exe" -gencode=arch=compute_10,code=\"sm_10,compute_10\" --use-local-env --cl-version 2010 -ccbin "c:\Program Files (x86)\Microsoft Visual Studio 10.0\VC\bin"  -I"C:\Program Files\NVIDIA GPU Computing Toolkit\CUDA\v5.0\include" -I"C:\Program Files\NVIDIA GPU Computing Toolkit\CUDA\v5.0\include"  -G   --keep-dir "Debug" -maxrregcount=0  --machine 32 --compile  -g   -D_MBCS -Xcompiler "/EHsc /W3 /nologo /Od /Zi /RTC1 /MDd  " -o "Debug\GPUVectorSums.cu.obj" "C:\Users\craig\Documents\GitHub\Cuda_Examples\CudaByExample\Cuda_By_Example_Exercises\4-2-1 GPUVectorSums\GPUVectorSums.cu"
         
         C:\Users\craig\Documents\GitHub\Cuda_Examples\CudaByExample\Cuda_By_Example_Exercises\4-2-1 GPUVectorSums>"C:\Program Files\NVIDIA GPU Computing Toolkit\CUDA\v5.0\bin\nvcc.exe" -gencode=arch=compute_10,code=\"sm_10,compute_10\" --use-local-env --cl-version 2010 -ccbin "c:\Program Files (x86)\Microsoft Visual Studio 10.0\VC\bin"  -I"C:\Program Files\NVIDIA GPU Computing Toolkit\CUDA\v5.0\include" -I"C:\Program Files\NVIDIA GPU Computing Toolkit\CUDA\v5.0\include"  -G   --keep-dir "Debug" -maxrregcount=0  --machine 32 --compile  -g   -D_MBCS -Xcompiler "/EHsc /W3 /nologo /Od /Zi /RTC1 /MDd  " -o "Debug\GPUVectorSums.cu.obj" "C:\Users\craig\Documents\GitHub\Cuda_Examples\CudaByExample\Cuda_By_Example_Exercises\4-2-1 GPUVectorSums\GPUVectorSums.cu" 
         GPUVectorSums.cu
         tmpxft_00001ae0_00000000-2_GPUVectorSums.cudafe1.gpu
         tmpxft_00001ae0_00000000-7_GPUVectorSums.cudafe2.gpu
         GPUVectorSums.cu
         tmpxft_00001ae0_00000000-2_GPUVectorSums.cudafe1.cpp
         tmpxft_00001ae0_00000000-12_GPUVectorSums.ii
         Deleting file "tmpxft_00001ae0_00000000-8_GPUVectorSums.cpp3.o".
       ManifestResourceCompile:
         All outputs are up-to-date.
       Link:
         c:\Program Files (x86)\Microsoft Visual Studio 10.0\VC\bin\link.exe /ERRORREPORT:PROMPT /OUT:"C:\Users\craig\Documents\GitHub\Cuda_Examples\CudaByExample\Cuda_By_Example_Exercises\Debug\4-2-1 GPUVectorSums.exe" /INCREMENTAL /NOLOGO /LIBPATH:"C:\Program Files\NVIDIA GPU Computing Toolkit\CUDA\v5.0\lib\Win32" cudart.lib kernel32.lib user32.lib gdi32.lib winspool.lib comdlg32.lib advapi32.lib shell32.lib ole32.lib oleaut32.lib uuid.lib odbc32.lib odbccp32.lib kernel32.lib user32.lib gdi32.lib winspool.lib comdlg32.lib advapi32.lib shell32.lib ole32.lib oleaut32.lib uuid.lib odbc32.lib odbccp32.lib /MANIFEST /ManifestFile:"Debug\4-2-1 GPUVectorSums.exe.intermediate.manifest" /MANIFESTUAC:"level='asInvoker' uiAccess='false'" /DEBUG /PDB:"C:\Users\craig\Documents\GitHub\Cuda_Examples\CudaByExample\Cuda_By_Example_Exercises\Debug\4-2-1 GPUVectorSums.pdb" /SUBSYSTEM:CONSOLE /TLBID:1 /DYNAMICBASE /NXCOMPAT /IMPLIB:"C:\Users\craig\Documents\GitHub\Cuda_Examples\CudaByExample\Cuda_By_Example_Exercises\Debug\4-2-1 GPUVectorSums.lib" /MACHINE:X86 Debug\GPUVectorSums.cu.obj
         "Debug\4-2-1 GPUVectorSums.exe.embed.manifest.res"
       Manifest:
         C:\Program Files (x86)\Microsoft SDKs\Windows\v7.0A\bin\mt.exe /nologo /verbose /out:"Debug\4-2-1 GPUVectorSums.exe.embed.manifest" /manifest "Debug\4-2-1 GPUVectorSums.exe.intermediate.manifest"
         All outputs are up-to-date.
       LinkEmbedManifest:
         All outputs are up-to-date.
         4-2-1 GPUVectorSums.vcxproj -> C:\Users\craig\Documents\GitHub\Cuda_Examples\CudaByExample\Cuda_By_Example_Exercises\Debug\4-2-1 GPUVectorSums.exe
       PostBuildEvent:
         echo copy "C:\Program Files\NVIDIA GPU Computing Toolkit\CUDA\v5.0\bin\cudart*.dll" "C:\Users\craig\Documents\GitHub\Cuda_Examples\CudaByExample\Cuda_By_Example_Exercises\Debug\"
         copy "C:\Program Files\NVIDIA GPU Computing Toolkit\CUDA\v5.0\bin\cudart*.dll" "C:\Users\craig\Documents\GitHub\Cuda_Examples\CudaByExample\Cuda_By_Example_Exercises\Debug\"
         :VCEnd
         copy "C:\Program Files\NVIDIA GPU Computing Toolkit\CUDA\v5.0\bin\cudart*.dll" "C:\Users\craig\Documents\GitHub\Cuda_Examples\CudaByExample\Cuda_By_Example_Exercises\Debug\"
         C:\Program Files\NVIDIA GPU Computing Toolkit\CUDA\v5.0\bin\cudart32_50_35.dll
         C:\Program Files\NVIDIA GPU Computing Toolkit\CUDA\v5.0\bin\cudart64_50_35.dll
                 2 file(s) copied.
       FinalizeBuildStatus:
         Deleting file "Debug\4-2-1 GPUVectorSums.unsuccessfulbuild".
         Touching "Debug\4-2-1 GPUVectorSums.lastbuildstate".
     1>Done Building Project "C:\Users\craig\Documents\GitHub\Cuda_Examples\CudaByExample\Cuda_By_Example_Exercises\4-2-1 GPUVectorSums\4-2-1 GPUVectorSums.vcxproj" (build target(s)).

Build succeeded.

Time Elapsed 00:00:02.90
